# JRE version: OpenJDK Runtime Environment (8.0_152-b06) (build 1.8.0_152-release-1136-b06)
# Java VM: OpenJDK 64-Bit Server VM (25.152-b06 mixed mode windows-amd64 compressed oops)
Heap:
 PSYoungGen      total 400384K, used 217022K [0x00000000e0000000, 0x00000000fc600000, 0x0000000100000000)
  eden space 355328K, 51% used [0x00000000e0000000,0x00000000eb2b3d98,0x00000000f5b00000)
  from space 45056K, 75% used [0x00000000f9a00000,0x00000000fbb3be20,0x00000000fc600000)
  to   space 54784K, 0% used [0x00000000f5b00000,0x00000000f5b00000,0x00000000f9080000)
 ParOldGen       total 365056K, used 327765K [0x00000000a0000000, 0x00000000b6480000, 0x00000000e0000000)
  object space 365056K, 89% used [0x00000000a0000000,0x00000000b4015498,0x00000000b6480000)
 Metaspace       used 232798K, capacity 239573K, committed 239832K, reserved 1261568K
  class space    used 26996K, capacity 28343K, committed 28416K, reserved 1048576K
GC Heap History (10 events):
Event: 17668.275 GC heap before
{Heap before GC invocations=143 (full 7):
 PSYoungGen      total 449024K, used 390757K [0x00000000e0000000, 0x00000000ffa80000, 0x0000000100000000)
  eden space 383488K, 100% used [0x00000000e0000000,0x00000000f7680000,0x00000000f7680000)
  from space 65536K, 11% used [0x00000000f7680000,0x00000000f7d995d8,0x00000000fb680000)
  to   space 62976K, 0% used [0x00000000fbd00000,0x00000000fbd00000,0x00000000ffa80000)
 ParOldGen       total 365056K, used 327621K [0x00000000a0000000, 0x00000000b6480000, 0x00000000e0000000)
  object space 365056K, 89% used [0x00000000a0000000,0x00000000b3ff1488,0x00000000b6480000)
 Metaspace       used 226419K, capacity 233209K, committed 233432K, reserved 1255424K
  class space    used 26298K, capacity 27629K, committed 27648K, reserved 1048576K
Event: 17668.289 GC heap after
Heap after GC invocations=143 (full 7):
 PSYoungGen      total 456192K, used 9583K [0x00000000e0000000, 0x00000000ff880000, 0x0000000100000000)
  eden space 395264K, 0% used [0x00000000e0000000,0x00000000e0000000,0x00000000f8200000)
  from space 60928K, 15% used [0x00000000fbd00000,0x00000000fc65bd00,0x00000000ff880000)
  to   space 60416K, 0% used [0x00000000f8200000,0x00000000f8200000,0x00000000fbd00000)
 ParOldGen       total 365056K, used 327685K [0x00000000a0000000, 0x00000000b6480000, 0x00000000e0000000)
  object space 365056K, 89% used [0x00000000a0000000,0x00000000b4001498,0x00000000b6480000)
 Metaspace       used 226419K, capacity 233209K, committed 233432K, reserved 1255424K
  class space    used 26298K, capacity 27629K, committed 27648K, reserved 1048576K
}
Event: 17780.817 GC heap before
{Heap before GC invocations=144 (full 7):
 PSYoungGen      total 456192K, used 404847K [0x00000000e0000000, 0x00000000ff880000, 0x0000000100000000)
  eden space 395264K, 100% used [0x00000000e0000000,0x00000000f8200000,0x00000000f8200000)
  from space 60928K, 15% used [0x00000000fbd00000,0x00000000fc65bd00,0x00000000ff880000)
  to   space 60416K, 0% used [0x00000000f8200000,0x00000000f8200000,0x00000000fbd00000)
 ParOldGen       total 365056K, used 327685K [0x00000000a0000000, 0x00000000b6480000, 0x00000000e0000000)
  object space 365056K, 89% used [0x00000000a0000000,0x00000000b4001498,0x00000000b6480000)
 Metaspace       used 226470K, capacity 233279K, committed 233432K, reserved 1255424K
  class space    used 26299K, capacity 27630K, committed 27648K, reserved 1048576K
Event: 17780.910 GC heap after
Heap after GC invocations=144 (full 7):
 PSYoungGen      total 455680K, used 7548K [0x00000000e0000000, 0x00000000ffa80000, 0x0000000100000000)
  eden space 395264K, 0% used [0x00000000e0000000,0x00000000e0000000,0x00000000f8200000)
  from space 60416K, 12% used [0x00000000f8200000,0x00000000f895f318,0x00000000fbd00000)
  to   space 57856K, 0% used [0x00000000fc200000,0x00000000fc200000,0x00000000ffa80000)
 ParOldGen       total 365056K, used 327741K [0x00000000a0000000, 0x00000000b6480000, 0x00000000e0000000)
  object space 365056K, 89% used [0x00000000a0000000,0x00000000b400f498,0x00000000b6480000)
 Metaspace       used 226470K, capacity 233279K, committed 233432K, reserved 1255424K
  class space    used 26299K, capacity 27630K, committed 27648K, reserved 1048576K
}
Event: 18122.897 GC heap before
{Heap before GC invocations=145 (full 7):
 PSYoungGen      total 455680K, used 402812K [0x00000000e0000000, 0x00000000ffa80000, 0x0000000100000000)
  eden space 395264K, 100% used [0x00000000e0000000,0x00000000f8200000,0x00000000f8200000)
  from space 60416K, 12% used [0x00000000f8200000,0x00000000f895f318,0x00000000fbd00000)
  to   space 57856K, 0% used [0x00000000fc200000,0x00000000fc200000,0x00000000ffa80000)
 ParOldGen       total 365056K, used 327741K [0x00000000a0000000, 0x00000000b6480000, 0x00000000e0000000)
  object space 365056K, 89% used [0x00000000a0000000,0x00000000b400f498,0x00000000b6480000)
 Metaspace       used 226555K, capacity 233279K, committed 233432K, reserved 1255424K
  class space    used 26299K, capacity 27630K, committed 27648K, reserved 1048576K
Event: 18122.929 GC heap after
Heap after GC invocations=145 (full 7):
 PSYoungGen      total 412672K, used 7871K [0x00000000e0000000, 0x00000000fe080000, 0x0000000100000000)
  eden space 381440K, 0% used [0x00000000e0000000,0x00000000e0000000,0x00000000f7480000)
  from space 31232K, 25% used [0x00000000fc200000,0x00000000fc9afcf0,0x00000000fe080000)
  to   space 55296K, 0% used [0x00000000f7480000,0x00000000f7480000,0x00000000faa80000)
 ParOldGen       total 365056K, used 327749K [0x00000000a0000000, 0x00000000b6480000, 0x00000000e0000000)
  object space 365056K, 89% used [0x00000000a0000000,0x00000000b4011498,0x00000000b6480000)
 Metaspace       used 226555K, capacity 233279K, committed 233432K, reserved 1255424K
  class space    used 26299K, capacity 27630K, committed 27648K, reserved 1048576K
}
Event: 18125.713 GC heap before
{Heap before GC invocations=146 (full 7):
 PSYoungGen      total 412672K, used 388560K [0x00000000e0000000, 0x00000000fe080000, 0x0000000100000000)
  eden space 381440K, 99% used [0x00000000e0000000,0x00000000f73c43c8,0x00000000f7480000)
  from space 31232K, 25% used [0x00000000fc200000,0x00000000fc9afcf0,0x00000000fe080000)
  to   space 55296K, 0% used [0x00000000f7480000,0x00000000f7480000,0x00000000faa80000)
 ParOldGen       total 365056K, used 327749K [0x00000000a0000000, 0x00000000b6480000, 0x00000000e0000000)
  object space 365056K, 89% used [0x00000000a0000000,0x00000000b4011498,0x00000000b6480000)
 Metaspace       used 226578K, capacity 233279K, committed 233432K, reserved 1255424K
  class space    used 26299K, capacity 27630K, committed 27648K, reserved 1048576K
Event: 18125.727 GC heap after
Heap after GC invocations=146 (full 7):
 PSYoungGen      total 385536K, used 17284K [0x00000000e0000000, 0x00000000fcc80000, 0x0000000100000000)
  eden space 368128K, 0% used [0x00000000e0000000,0x00000000e0000000,0x00000000f6780000)
  from space 17408K, 99% used [0x00000000f7480000,0x00000000f85610d8,0x00000000f8580000)
  to   space 51712K, 0% used [0x00000000f9a00000,0x00000000f9a00000,0x00000000fcc80000)
 ParOldGen       total 365056K, used 327757K [0x00000000a0000000, 0x00000000b6480000, 0x00000000e0000000)
  object space 365056K, 89% used [0x00000000a0000000,0x00000000b4013498,0x00000000b6480000)
 Metaspace       used 226578K, capacity 233279K, committed 233432K, reserved 1255424K
  class space    used 26299K, capacity 27630K, committed 27648K, reserved 1048576K
}
Event: 25405.351 GC heap before
{Heap before GC invocations=147 (full 7):
 PSYoungGen      total 385536K, used 385412K [0x00000000e0000000, 0x00000000fcc80000, 0x0000000100000000)
  eden space 368128K, 100% used [0x00000000e0000000,0x00000000f6780000,0x00000000f6780000)
  from space 17408K, 99% used [0x00000000f7480000,0x00000000f85610d8,0x00000000f8580000)
  to   space 51712K, 0% used [0x00000000f9a00000,0x00000000f9a00000,0x00000000fcc80000)
 ParOldGen       total 365056K, used 327757K [0x00000000a0000000, 0x00000000b6480000, 0x00000000e0000000)
  object space 365056K, 89% used [0x00000000a0000000,0x00000000b4013498,0x00000000b6480000)
 Metaspace       used 230222K, capacity 237013K, committed 237144K, reserved 1259520K
  class space    used 26668K, capacity 28023K, committed 28032K, reserved 1048576K
Event: 25405.407 GC heap after
Heap after GC invocations=147 (full 7):
 PSYoungGen      total 400384K, used 34031K [0x00000000e0000000, 0x00000000fc600000, 0x0000000100000000)
  eden space 355328K, 0% used [0x00000000e0000000,0x00000000e0000000,0x00000000f5b00000)
  from space 45056K, 75% used [0x00000000f9a00000,0x00000000fbb3be20,0x00000000fc600000)
  to   space 54784K, 0% used [0x00000000f5b00000,0x00000000f5b00000,0x00000000f9080000)
 ParOldGen       total 365056K, used 327765K [0x00000000a0000000, 0x00000000b6480000, 0x00000000e0000000)
  object space 365056K, 89% used [0x00000000a0000000,0x00000000b4015498,0x00000000b6480000)
 Metaspace       used 230222K, capacity 237013K, committed 237144K, reserved 1259520K
  class space    used 26668K, capacity 28023K, committed 28032K, reserved 1048576K
}

